{"C:\\Users\\admin\\OneDrive\\Documentos\\node-api\\src\\app.ts": {"path":"C:\\Users\\admin\\OneDrive\\Documentos\\node-api\\src\\app.ts","statementMap":{"0":{"start":{"line":11,"column":6},"end":{"line":21,"column":null}},"1":{"start":{"line":23,"column":0},"end":{"line":37,"column":null}},"2":{"start":{"line":24,"column":4},"end":{"line":32,"column":null}},"3":{"start":{"line":34,"column":0},"end":{"line":36,"column":null}},"4":{"start":{"line":39,"column":0},"end":{"line":39,"column":null}},"5":{"start":{"line":40,"column":0},"end":{"line":40,"column":null}},"6":{"start":{"line":41,"column":0},"end":{"line":41,"column":null}},"7":{"start":{"line":42,"column":0},"end":{"line":42,"column":null}},"8":{"start":{"line":43,"column":0},"end":{"line":43,"column":null}},"9":{"start":{"line":45,"column":0},"end":{"line":45,"column":null}},"10":{"start":{"line":46,"column":0},"end":{"line":46,"column":null}}},"fnMap":{},"branchMap":{"0":{"loc":{"start":{"line":23,"column":0},"end":{"line":37,"column":null}},"type":"if","locations":[{"start":{"line":23,"column":0},"end":{"line":37,"column":null}},{"start":{},"end":{}}],"line":23}},"s":{"0":3,"1":3,"2":0,"3":0,"4":3,"5":3,"6":3,"7":3,"8":3,"9":3,"10":3},"f":{},"b":{"0":[0,3]},"meta":{"lastBranch":1,"lastFunction":0,"lastStatement":11,"seen":{"s:11:6:21:Infinity":0,"b:23:0:37:Infinity:undefined:undefined:undefined:undefined":0,"s:23:0:37:Infinity":1,"s:24:4:32:Infinity":2,"s:34:0:36:Infinity":3,"s:39:0:39:Infinity":4,"s:40:0:40:Infinity":5,"s:41:0:41:Infinity":6,"s:42:0:42:Infinity":7,"s:43:0:43:Infinity":8,"s:45:0:45:Infinity":9,"s:46:0:46:Infinity":10}}}
,"C:\\Users\\admin\\OneDrive\\Documentos\\node-api\\src\\database\\client.ts": {"path":"C:\\Users\\admin\\OneDrive\\Documentos\\node-api\\src\\database\\client.ts","statementMap":{"0":{"start":{"line":3,"column":13},"end":{"line":5,"column":null}}},"fnMap":{},"branchMap":{},"s":{"0":3},"f":{},"b":{},"meta":{"lastBranch":0,"lastFunction":0,"lastStatement":1,"seen":{"s:3:13:5:Infinity":0}}}
,"C:\\Users\\admin\\OneDrive\\Documentos\\node-api\\src\\database\\schema.ts": {"path":"C:\\Users\\admin\\OneDrive\\Documentos\\node-api\\src\\database\\schema.ts","statementMap":{"0":{"start":{"line":8,"column":13},"end":{"line":12,"column":null}},"1":{"start":{"line":14,"column":13},"end":{"line":18,"column":null}},"2":{"start":{"line":20,"column":13},"end":{"line":27,"column":null}},"3":{"start":{"line":22,"column":46},"end":{"line":22,"column":54}},"4":{"start":{"line":23,"column":48},"end":{"line":23,"column":58}},"5":{"start":{"line":25,"column":12},"end":{"line":27,"column":1}}},"fnMap":{"0":{"name":"(anonymous_0)","decl":{"start":{"line":22,"column":40},"end":{"line":22,"column":46}},"loc":{"start":{"line":22,"column":46},"end":{"line":22,"column":54}},"line":22},"1":{"name":"(anonymous_1)","decl":{"start":{"line":23,"column":42},"end":{"line":23,"column":48}},"loc":{"start":{"line":23,"column":48},"end":{"line":23,"column":58}},"line":23},"2":{"name":"(anonymous_2)","decl":{"start":{"line":25,"column":3},"end":{"line":25,"column":12}},"loc":{"start":{"line":25,"column":12},"end":{"line":27,"column":1}},"line":25}},"branchMap":{},"s":{"0":3,"1":3,"2":3,"3":0,"4":0,"5":0},"f":{"0":0,"1":0,"2":0},"b":{},"meta":{"lastBranch":0,"lastFunction":3,"lastStatement":6,"seen":{"s:8:13:12:Infinity":0,"s:14:13:18:Infinity":1,"s:20:13:27:Infinity":2,"f:22:40:22:46":0,"s:22:46:22:54":3,"f:23:42:23:48":1,"s:23:48:23:58":4,"f:25:3:25:12":2,"s:25:12:27:1":5}}}
,"C:\\Users\\admin\\OneDrive\\Documentos\\node-api\\src\\routes\\create-course.ts": {"path":"C:\\Users\\admin\\OneDrive\\Documentos\\node-api\\src\\routes\\create-course.ts","statementMap":{"0":{"start":{"line":6,"column":56},"end":{"line":28,"column":null}},"1":{"start":{"line":7,"column":4},"end":{"line":27,"column":null}},"2":{"start":{"line":19,"column":28},"end":{"line":19,"column":null}},"3":{"start":{"line":21,"column":23},"end":{"line":24,"column":null}},"4":{"start":{"line":26,"column":8},"end":{"line":26,"column":null}}},"fnMap":{"0":{"name":"(anonymous_0)","decl":{"start":{"line":6,"column":56},"end":{"line":6,"column":63}},"loc":{"start":{"line":6,"column":74},"end":{"line":28,"column":null}},"line":6},"1":{"name":"(anonymous_1)","decl":{"start":{"line":18,"column":6},"end":{"line":18,"column":13}},"loc":{"start":{"line":18,"column":31},"end":{"line":27,"column":5}},"line":18}},"branchMap":{},"s":{"0":3,"1":3,"2":1,"3":1,"4":1},"f":{"0":3,"1":1},"b":{},"meta":{"lastBranch":0,"lastFunction":2,"lastStatement":5,"seen":{"s:6:56:28:Infinity":0,"f:6:56:6:63":0,"s:7:4:27:Infinity":1,"f:18:6:18:13":1,"s:19:28:19:Infinity":2,"s:21:23:24:Infinity":3,"s:26:8:26:Infinity":4}}}
,"C:\\Users\\admin\\OneDrive\\Documentos\\node-api\\src\\routes\\delete-courses.ts": {"path":"C:\\Users\\admin\\OneDrive\\Documentos\\node-api\\src\\routes\\delete-courses.ts","statementMap":{"0":{"start":{"line":7,"column":56},"end":{"line":38,"column":null}},"1":{"start":{"line":8,"column":3},"end":{"line":37,"column":null}},"2":{"start":{"line":23,"column":21},"end":{"line":23,"column":null}},"3":{"start":{"line":25,"column":19},"end":{"line":28,"column":null}},"4":{"start":{"line":30,"column":20},"end":{"line":32,"column":null}},"5":{"start":{"line":35,"column":4},"end":{"line":35,"column":null}}},"fnMap":{"0":{"name":"(anonymous_0)","decl":{"start":{"line":7,"column":56},"end":{"line":7,"column":63}},"loc":{"start":{"line":7,"column":74},"end":{"line":38,"column":null}},"line":7},"1":{"name":"(anonymous_1)","decl":{"start":{"line":22,"column":5},"end":{"line":22,"column":12}},"loc":{"start":{"line":22,"column":31},"end":{"line":37,"column":1}},"line":22}},"branchMap":{},"s":{"0":3,"1":3,"2":0,"3":0,"4":0,"5":0},"f":{"0":3,"1":0},"b":{},"meta":{"lastBranch":0,"lastFunction":2,"lastStatement":6,"seen":{"s:7:56:38:Infinity":0,"f:7:56:7:63":0,"s:8:3:37:Infinity":1,"f:22:5:22:12":1,"s:23:21:23:Infinity":2,"s:25:19:28:Infinity":3,"s:30:20:32:Infinity":4,"s:35:4:35:Infinity":5}}}
,"C:\\Users\\admin\\OneDrive\\Documentos\\node-api\\src\\routes\\edit-courses.ts": {"path":"C:\\Users\\admin\\OneDrive\\Documentos\\node-api\\src\\routes\\edit-courses.ts","statementMap":{"0":{"start":{"line":7,"column":54},"end":{"line":46,"column":null}},"1":{"start":{"line":8,"column":3},"end":{"line":45,"column":null}},"2":{"start":{"line":30,"column":24},"end":{"line":30,"column":null}},"3":{"start":{"line":31,"column":27},"end":{"line":31,"column":null}},"4":{"start":{"line":33,"column":22},"end":{"line":36,"column":null}},"5":{"start":{"line":38,"column":20},"end":{"line":42,"column":null}},"6":{"start":{"line":44,"column":7},"end":{"line":44,"column":null}}},"fnMap":{"0":{"name":"(anonymous_0)","decl":{"start":{"line":7,"column":54},"end":{"line":7,"column":61}},"loc":{"start":{"line":7,"column":72},"end":{"line":46,"column":null}},"line":7},"1":{"name":"(anonymous_1)","decl":{"start":{"line":29,"column":6},"end":{"line":29,"column":13}},"loc":{"start":{"line":29,"column":31},"end":{"line":45,"column":4}},"line":29}},"branchMap":{},"s":{"0":3,"1":3,"2":0,"3":0,"4":0,"5":0,"6":0},"f":{"0":3,"1":0},"b":{},"meta":{"lastBranch":0,"lastFunction":2,"lastStatement":7,"seen":{"s:7:54:46:Infinity":0,"f:7:54:7:61":0,"s:8:3:45:Infinity":1,"f:29:6:29:13":1,"s:30:24:30:Infinity":2,"s:31:27:31:Infinity":3,"s:33:22:36:Infinity":4,"s:38:20:42:Infinity":5,"s:44:7:44:Infinity":6}}}
,"C:\\Users\\admin\\OneDrive\\Documentos\\node-api\\src\\routes\\get-course-by-id.ts": {"path":"C:\\Users\\admin\\OneDrive\\Documentos\\node-api\\src\\routes\\get-course-by-id.ts","statementMap":{"0":{"start":{"line":7,"column":57},"end":{"line":40,"column":null}},"1":{"start":{"line":8,"column":4},"end":{"line":39,"column":null}},"2":{"start":{"line":27,"column":21},"end":{"line":27,"column":null}},"3":{"start":{"line":29,"column":19},"end":{"line":32,"column":null}},"4":{"start":{"line":34,"column":4},"end":{"line":36,"column":null}},"5":{"start":{"line":35,"column":8},"end":{"line":35,"column":null}},"6":{"start":{"line":38,"column":4},"end":{"line":38,"column":null}}},"fnMap":{"0":{"name":"(anonymous_0)","decl":{"start":{"line":7,"column":57},"end":{"line":7,"column":64}},"loc":{"start":{"line":7,"column":75},"end":{"line":40,"column":null}},"line":7},"1":{"name":"(anonymous_1)","decl":{"start":{"line":26,"column":2},"end":{"line":26,"column":9}},"loc":{"start":{"line":26,"column":28},"end":{"line":39,"column":1}},"line":26}},"branchMap":{"0":{"loc":{"start":{"line":34,"column":4},"end":{"line":36,"column":null}},"type":"if","locations":[{"start":{"line":34,"column":4},"end":{"line":36,"column":null}},{"start":{},"end":{}}],"line":34}},"s":{"0":3,"1":3,"2":1,"3":1,"4":1,"5":1,"6":0},"f":{"0":3,"1":1},"b":{"0":[1,0]},"meta":{"lastBranch":1,"lastFunction":2,"lastStatement":7,"seen":{"s:7:57:40:Infinity":0,"f:7:57:7:64":0,"s:8:4:39:Infinity":1,"f:26:2:26:9":1,"s:27:21:27:Infinity":2,"s:29:19:32:Infinity":3,"b:34:4:36:Infinity:undefined:undefined:undefined:undefined":0,"s:34:4:36:Infinity":4,"s:35:8:35:Infinity":5,"s:38:4:38:Infinity":6}}}
,"C:\\Users\\admin\\OneDrive\\Documentos\\node-api\\src\\routes\\get-courses.ts": {"path":"C:\\Users\\admin\\OneDrive\\Documentos\\node-api\\src\\routes\\get-courses.ts","statementMap":{"0":{"start":{"line":7,"column":53},"end":{"line":60,"column":null}},"1":{"start":{"line":8,"column":4},"end":{"line":59,"column":null}},"2":{"start":{"line":33,"column":49},"end":{"line":33,"column":null}},"3":{"start":{"line":35,"column":34},"end":{"line":35,"column":null}},"4":{"start":{"line":37,"column":8},"end":{"line":39,"column":null}},"5":{"start":{"line":38,"column":12},"end":{"line":38,"column":null}},"6":{"start":{"line":41,"column":33},"end":{"line":56,"column":null}},"7":{"start":{"line":58,"column":8},"end":{"line":58,"column":null}}},"fnMap":{"0":{"name":"(anonymous_0)","decl":{"start":{"line":7,"column":53},"end":{"line":7,"column":60}},"loc":{"start":{"line":7,"column":71},"end":{"line":60,"column":null}},"line":7},"1":{"name":"(anonymous_1)","decl":{"start":{"line":31,"column":7},"end":{"line":31,"column":14}},"loc":{"start":{"line":31,"column":33},"end":{"line":59,"column":5}},"line":31}},"branchMap":{"0":{"loc":{"start":{"line":37,"column":8},"end":{"line":39,"column":null}},"type":"if","locations":[{"start":{"line":37,"column":8},"end":{"line":39,"column":null}},{"start":{},"end":{}}],"line":37}},"s":{"0":3,"1":3,"2":1,"3":1,"4":1,"5":1,"6":1,"7":1},"f":{"0":3,"1":1},"b":{"0":[1,0]},"meta":{"lastBranch":1,"lastFunction":2,"lastStatement":8,"seen":{"s:7:53:60:Infinity":0,"f:7:53:7:60":0,"s:8:4:59:Infinity":1,"f:31:7:31:14":1,"s:33:49:33:Infinity":2,"s:35:34:35:Infinity":3,"b:37:8:39:Infinity:undefined:undefined:undefined:undefined":0,"s:37:8:39:Infinity":4,"s:38:12:38:Infinity":5,"s:41:33:56:Infinity":6,"s:58:8:58:Infinity":7}}}
,"C:\\Users\\admin\\OneDrive\\Documentos\\node-api\\src\\tests\\factories\\make-course.ts": {"path":"C:\\Users\\admin\\OneDrive\\Documentos\\node-api\\src\\tests\\factories\\make-course.ts","statementMap":{"0":{"start":{"line":6,"column":19},"end":{"line":8,"column":null}},"1":{"start":{"line":10,"column":4},"end":{"line":10,"column":null}}},"fnMap":{"0":{"name":"makeCourse","decl":{"start":{"line":5,"column":22},"end":{"line":5,"column":33}},"loc":{"start":{"line":5,"column":49},"end":{"line":11,"column":null}},"line":5}},"branchMap":{"0":{"loc":{"start":{"line":7,"column":15},"end":{"line":7,"column":null}},"type":"binary-expr","locations":[{"start":{"line":7,"column":15},"end":{"line":7,"column":24}},{"start":{"line":7,"column":24},"end":{"line":7,"column":null}}],"line":7}},"s":{"0":2,"1":2},"f":{"0":2},"b":{"0":[2,1]},"meta":{"lastBranch":1,"lastFunction":1,"lastStatement":2,"seen":{"f:5:22:5:33":0,"s:6:19:8:Infinity":0,"b:7:15:7:24:7:24:7:Infinity":0,"s:10:4:10:Infinity":1}}}
}
